<?xml version="1.0" encoding="UTF-8"?>
<!-- Generated by org.testng.reporters.JUnitXMLReporter -->
<testsuite ignored="0" hostname="LOVELESH" failures="1" tests="3" name="ErrorValidation" time="20.372" errors="0" timestamp="2024-03-12T11:11:12 IST">
  <testcase classname="rahulshettyacademy.tests.ErrorValidation" name="LoginErrorValidation" time="0.838">
    <skipped/>
  </testcase> <!-- LoginErrorValidation -->
  <testcase classname="rahulshettyacademy.tests.ErrorValidation" name="LoginErrorValidation" time="0.597">
    <failure type="java.lang.AssertionError" message="expected [Incorrect email or password.] but found [Incorrect email password.]">
      <![CDATA[java.lang.AssertionError: expected [Incorrect email or password.] but found [Incorrect email password.]
at rahulshettyacademy.tests.ErrorValidation.LoginErrorValidation(ErrorValidation.java:25)
at java.base/java.util.ArrayList.forEach(ArrayList.java:1596)
at java.base/java.util.concurrent.FutureTask.run(FutureTask.java:317)
at java.base/java.util.concurrent.ThreadPoolExecutor.runWorker(ThreadPoolExecutor.java:1144)
at java.base/java.util.concurrent.ThreadPoolExecutor$Worker.run(ThreadPoolExecutor.java:642)
at java.base/java.lang.Thread.run(Thread.java:1583)
... Removed 21 stack frames]]>
    </failure>
  </testcase> <!-- LoginErrorValidation -->
  <testcase classname="rahulshettyacademy.tests.ErrorValidation" name="ProductErrorValidation" time="9.441"/>
</testsuite> <!-- ErrorValidation -->
