<?xml version="1.0" encoding="UTF-8"?>
<!-- Generated by org.testng.reporters.JUnitXMLReporter -->
<testsuite ignored="0" hostname="LOVELESH" failures="0" tests="2" name="ErrorValidation" time="24.169" errors="0" timestamp="2024-03-11T17:35:18 IST">
  <testcase classname="rahulshettyacademy.tests.ErrorValidation" name="LoginErrorValidation" time="0.959"/>
  <testcase classname="rahulshettyacademy.tests.ErrorValidation" name="ProductErrorValidation" time="9.776"/>
</testsuite> <!-- ErrorValidation -->
